<?xml version="1.0" encoding="UTF-8"?>
<!-- Generated by org.testng.reporters.JUnitReportReporter -->
<testsuite hostname="LAPTOP-EFBOGEN7" failures="0" tests="2" name="myClass" time="7302.385" errors="0" timestamp="2024-09-07T03:05:52 EET" skipped="1">
  <testcase classname="myClass" name="clickOnAllNumbers" time="7302.385"/>
  <system-out/>
  <testcase classname="myClass" name="clickOnAllButtons">
    <skipped/>
  </testcase> <!-- clickOnAllButtons -->
  <system-out/>
</testsuite> <!-- myClass -->
